08. Aug 2017 14:29:49 - *************************
08. Aug 2017 14:29:49 - info, application started
08. Aug 2017 14:29:49 - info, version number=n/a
08. Aug 2017 14:29:49 - error, missing server information
08. Aug 2017 14:29:49 - unable to connect to database
22. Aug 2017 11:36:53 - *************************
22. Aug 2017 11:36:53 - info, application started
22. Aug 2017 11:36:53 - info, version number=n/a
22. Aug 2017 11:36:53 - error, missing server information
22. Aug 2017 11:36:53 - unable to connect to database
23. Aug 2017 17:03:32 - *************************
23. Aug 2017 17:03:32 - info, application started
23. Aug 2017 17:03:32 - info, version number=n/a
23. Aug 2017 17:03:32 - error, missing server information
23. Aug 2017 17:03:32 - unable to connect to database
10. Oct 2017 09:45:19 - *************************
10. Oct 2017 09:45:19 - info, application started
10. Oct 2017 09:45:19 - info, version number=n/a
10. Oct 2017 09:45:19 - error, missing server information
10. Oct 2017 09:45:19 - unable to connect to database
13. Oct 2017 11:02:34 - *************************
13. Oct 2017 11:02:34 - info, application started
13. Oct 2017 11:02:34 - info, version number=n/a
13. Oct 2017 11:02:34 - error, missing server information
13. Oct 2017 11:02:34 - unable to connect to database
19. Oct 2017 15:27:49 - *************************
19. Oct 2017 15:27:49 - info, application started
19. Oct 2017 15:27:49 - info, version number=n/a
19. Oct 2017 15:27:49 - error, missing server information
19. Oct 2017 15:27:49 - unable to connect to database
20. Oct 2017 14:00:59 - *************************
20. Oct 2017 14:00:59 - info, application started
20. Oct 2017 14:00:59 - info, version number=n/a
20. Oct 2017 14:00:59 - error, missing server information
20. Oct 2017 14:00:59 - unable to connect to database
20. Oct 2017 14:01:04 - *************************
20. Oct 2017 14:01:04 - info, application started
20. Oct 2017 14:01:04 - info, version number=n/a
20. Oct 2017 14:01:04 - error, missing server information
20. Oct 2017 14:01:04 - unable to connect to database
09. Nov 2017 14:06:20 - *************************
09. Nov 2017 14:06:20 - info, application started
09. Nov 2017 14:06:20 - info, version number=n/a
09. Nov 2017 14:06:20 - error, missing server information
09. Nov 2017 14:06:20 - unable to connect to database
01. Dec 2017 11:16:44 - *************************
01. Dec 2017 11:16:44 - info, application started
01. Dec 2017 11:16:44 - info, version number=n/a
01. Dec 2017 11:16:44 - error, missing server information
01. Dec 2017 11:16:44 - unable to connect to database
